{"/mnt/c/Code/frontend-project-46/src/gendiff.js": {"path":"/mnt/c/Code/frontend-project-46/src/gendiff.js","all":false,"statementMap":{"0":{"start":{"line":1,"column":0},"end":{"line":1,"column":30}},"1":{"start":{"line":2,"column":0},"end":{"line":2,"column":29}},"2":{"start":{"line":3,"column":0},"end":{"line":3,"column":23}},"3":{"start":{"line":4,"column":0},"end":{"line":4,"column":0}},"4":{"start":{"line":5,"column":0},"end":{"line":5,"column":65}},"5":{"start":{"line":6,"column":0},"end":{"line":6,"column":0}},"6":{"start":{"line":7,"column":0},"end":{"line":7,"column":35}},"7":{"start":{"line":8,"column":0},"end":{"line":8,"column":17}},"8":{"start":{"line":9,"column":0},"end":{"line":9,"column":17}},"9":{"start":{"line":10,"column":0},"end":{"line":10,"column":29}},"10":{"start":{"line":11,"column":0},"end":{"line":11,"column":12}},"11":{"start":{"line":12,"column":0},"end":{"line":12,"column":16}},"12":{"start":{"line":13,"column":0},"end":{"line":13,"column":3}},"13":{"start":{"line":14,"column":0},"end":{"line":14,"column":2}},"14":{"start":{"line":15,"column":0},"end":{"line":15,"column":0}},"15":{"start":{"line":16,"column":0},"end":{"line":16,"column":43}},"16":{"start":{"line":17,"column":0},"end":{"line":17,"column":47}},"17":{"start":{"line":18,"column":0},"end":{"line":18,"column":47}},"18":{"start":{"line":19,"column":0},"end":{"line":19,"column":38}},"19":{"start":{"line":20,"column":0},"end":{"line":20,"column":43}},"20":{"start":{"line":21,"column":0},"end":{"line":21,"column":0}},"21":{"start":{"line":22,"column":0},"end":{"line":22,"column":47}},"22":{"start":{"line":23,"column":0},"end":{"line":23,"column":47}},"23":{"start":{"line":24,"column":0},"end":{"line":24,"column":38}},"24":{"start":{"line":25,"column":0},"end":{"line":25,"column":43}},"25":{"start":{"line":26,"column":0},"end":{"line":26,"column":0}},"26":{"start":{"line":27,"column":0},"end":{"line":27,"column":72}},"27":{"start":{"line":28,"column":0},"end":{"line":28,"column":43}},"28":{"start":{"line":29,"column":0},"end":{"line":29,"column":53}},"29":{"start":{"line":30,"column":0},"end":{"line":30,"column":0}},"30":{"start":{"line":31,"column":0},"end":{"line":31,"column":52}},"31":{"start":{"line":32,"column":0},"end":{"line":32,"column":59}},"32":{"start":{"line":33,"column":0},"end":{"line":33,"column":58}},"33":{"start":{"line":34,"column":0},"end":{"line":34,"column":29}},"34":{"start":{"line":35,"column":0},"end":{"line":35,"column":15}},"35":{"start":{"line":36,"column":0},"end":{"line":36,"column":0}},"36":{"start":{"line":37,"column":0},"end":{"line":37,"column":21}},"37":{"start":{"line":38,"column":0},"end":{"line":38,"column":19}},"38":{"start":{"line":39,"column":0},"end":{"line":39,"column":42}},"39":{"start":{"line":40,"column":0},"end":{"line":40,"column":14}},"40":{"start":{"line":41,"column":0},"end":{"line":41,"column":21}},"41":{"start":{"line":42,"column":0},"end":{"line":42,"column":42}},"42":{"start":{"line":43,"column":0},"end":{"line":43,"column":14}},"43":{"start":{"line":44,"column":0},"end":{"line":44,"column":22}},"44":{"start":{"line":45,"column":0},"end":{"line":45,"column":42}},"45":{"start":{"line":46,"column":0},"end":{"line":46,"column":14}},"46":{"start":{"line":47,"column":0},"end":{"line":47,"column":22}},"47":{"start":{"line":48,"column":0},"end":{"line":48,"column":70}},"48":{"start":{"line":49,"column":0},"end":{"line":49,"column":14}},"49":{"start":{"line":50,"column":0},"end":{"line":50,"column":14}},"50":{"start":{"line":51,"column":0},"end":{"line":51,"column":5}},"51":{"start":{"line":52,"column":0},"end":{"line":52,"column":18}},"52":{"start":{"line":53,"column":0},"end":{"line":53,"column":5}},"53":{"start":{"line":54,"column":0},"end":{"line":54,"column":41}},"54":{"start":{"line":55,"column":0},"end":{"line":55,"column":2}},"55":{"start":{"line":56,"column":0},"end":{"line":56,"column":0}},"56":{"start":{"line":57,"column":0},"end":{"line":57,"column":23}}},"s":{"0":1,"1":1,"2":1,"3":1,"4":1,"5":1,"6":1,"7":8,"8":8,"9":8,"10":8,"11":0,"12":8,"13":8,"14":1,"15":1,"16":4,"17":4,"18":4,"19":4,"20":4,"21":4,"22":4,"23":4,"24":4,"25":4,"26":4,"27":4,"28":13,"29":13,"30":13,"31":12,"32":6,"33":1,"34":13,"35":13,"36":13,"37":13,"38":1,"39":1,"40":13,"41":6,"42":6,"43":13,"44":5,"45":5,"46":13,"47":1,"48":1,"49":13,"50":13,"51":13,"52":4,"53":4,"54":4,"55":1,"56":1},"branchMap":{"0":{"type":"branch","line":5,"loc":{"start":{"line":5,"column":18},"end":{"line":5,"column":64}},"locations":[{"start":{"line":5,"column":18},"end":{"line":5,"column":64}}]},"1":{"type":"branch","line":7,"loc":{"start":{"line":7,"column":19},"end":{"line":14,"column":2}},"locations":[{"start":{"line":7,"column":19},"end":{"line":14,"column":2}}]},"2":{"type":"branch","line":11,"loc":{"start":{"line":11,"column":4},"end":{"line":12,"column":16}},"locations":[{"start":{"line":11,"column":4},"end":{"line":12,"column":16}}]},"3":{"type":"branch","line":16,"loc":{"start":{"line":16,"column":16},"end":{"line":55,"column":2}},"locations":[{"start":{"line":16,"column":16},"end":{"line":55,"column":2}}]},"4":{"type":"branch","line":28,"loc":{"start":{"line":28,"column":34},"end":{"line":53,"column":3}},"locations":[{"start":{"line":28,"column":34},"end":{"line":53,"column":3}}]},"5":{"type":"branch","line":31,"loc":{"start":{"line":31,"column":35},"end":{"line":31,"column":52}},"locations":[{"start":{"line":31,"column":35},"end":{"line":31,"column":52}}]},"6":{"type":"branch","line":32,"loc":{"start":{"line":32,"column":-1},"end":{"line":34,"column":29}},"locations":[{"start":{"line":32,"column":-1},"end":{"line":34,"column":29}}]},"7":{"type":"branch","line":32,"loc":{"start":{"line":32,"column":40},"end":{"line":34,"column":29}},"locations":[{"start":{"line":32,"column":40},"end":{"line":34,"column":29}}]},"8":{"type":"branch","line":33,"loc":{"start":{"line":33,"column":38},"end":{"line":33,"column":58}},"locations":[{"start":{"line":33,"column":38},"end":{"line":33,"column":58}}]},"9":{"type":"branch","line":34,"loc":{"start":{"line":34,"column":-1},"end":{"line":34,"column":29}},"locations":[{"start":{"line":34,"column":-1},"end":{"line":34,"column":29}}]},"10":{"type":"branch","line":38,"loc":{"start":{"line":38,"column":6},"end":{"line":40,"column":14}},"locations":[{"start":{"line":38,"column":6},"end":{"line":40,"column":14}}]},"11":{"type":"branch","line":41,"loc":{"start":{"line":41,"column":6},"end":{"line":43,"column":14}},"locations":[{"start":{"line":41,"column":6},"end":{"line":43,"column":14}}]},"12":{"type":"branch","line":44,"loc":{"start":{"line":44,"column":6},"end":{"line":46,"column":14}},"locations":[{"start":{"line":44,"column":6},"end":{"line":46,"column":14}}]},"13":{"type":"branch","line":47,"loc":{"start":{"line":47,"column":6},"end":{"line":49,"column":14}},"locations":[{"start":{"line":47,"column":6},"end":{"line":49,"column":14}}]},"14":{"type":"branch","line":50,"loc":{"start":{"line":50,"column":6},"end":{"line":50,"column":14}},"locations":[{"start":{"line":50,"column":6},"end":{"line":50,"column":14}}]}},"b":{"0":[8],"1":[8],"2":[0],"3":[4],"4":[13],"5":[1],"6":[12],"7":[6],"8":[5],"9":[1],"10":[1],"11":[6],"12":[5],"13":[1],"14":[0]},"fnMap":{"0":{"name":"readFile","decl":{"start":{"line":5,"column":18},"end":{"line":5,"column":64}},"loc":{"start":{"line":5,"column":18},"end":{"line":5,"column":64}},"line":5},"1":{"name":"parseToObj","decl":{"start":{"line":7,"column":19},"end":{"line":14,"column":2}},"loc":{"start":{"line":7,"column":19},"end":{"line":14,"column":2}},"line":7},"2":{"name":"genDiff","decl":{"start":{"line":16,"column":16},"end":{"line":55,"column":2}},"loc":{"start":{"line":16,"column":16},"end":{"line":55,"column":2}},"line":16}},"f":{"0":8,"1":8,"2":4}}
}
