TN:
SF:src/gendiff.js
FN:5,readFile
FN:7,parseToObj
FN:16,genDiff
FNF:3
FNH:3
FNDA:8,readFile
FNDA:8,parseToObj
FNDA:4,genDiff
DA:1,1
DA:2,1
DA:3,1
DA:4,1
DA:5,1
DA:6,1
DA:7,1
DA:8,8
DA:9,8
DA:10,8
DA:11,8
DA:12,0
DA:13,8
DA:14,8
DA:15,1
DA:16,1
DA:17,4
DA:18,4
DA:19,4
DA:20,4
DA:21,4
DA:22,4
DA:23,4
DA:24,4
DA:25,4
DA:26,4
DA:27,4
DA:28,4
DA:29,13
DA:30,13
DA:31,13
DA:32,12
DA:33,6
DA:34,1
DA:35,13
DA:36,13
DA:37,13
DA:38,13
DA:39,1
DA:40,1
DA:41,13
DA:42,6
DA:43,6
DA:44,13
DA:45,5
DA:46,5
DA:47,13
DA:48,1
DA:49,1
DA:50,13
DA:51,13
DA:52,13
DA:53,4
DA:54,4
DA:55,4
DA:56,1
DA:57,1
LF:57
LH:56
BRDA:5,0,0,8
BRDA:7,1,0,8
BRDA:11,2,0,0
BRDA:16,3,0,4
BRDA:28,4,0,13
BRDA:31,5,0,1
BRDA:32,6,0,12
BRDA:32,7,0,6
BRDA:33,8,0,5
BRDA:34,9,0,1
BRDA:38,10,0,1
BRDA:41,11,0,6
BRDA:44,12,0,5
BRDA:47,13,0,1
BRDA:50,14,0,0
BRF:15
BRH:13
end_of_record
